PRT1
107
343
4 0 3 (256 68 24 ) (256 68 88 ) (256 196 88 ) (256 196 24 ) 
4 1 71 (256 0 256 ) (256 0 376 ) (0 0 376 ) (0 0 256 ) 
4 1 8 (0 0 256 ) (0 0 376 ) (0 512 376 ) (0 512 256 ) 
4 1 4 (0 0 256 ) (0 250 256 ) (46.812500 250 256 ) (46.812500 0 256 ) 
4 1 3 (46.812500 250 256 ) (256 250 256 ) (256 0 256 ) (46.812500 0 256 ) 
4 1 2 (0 250 256 ) (0 512 256 ) (256 512 256 ) (256 250 256 ) 
4 2 9 (0 250 256 ) (0 520 256 ) (0 520 0 ) (0 250 0 ) 
4 2 5 (46.812500 250 4 ) (46.812500 250 28 ) (0 250 28 ) (0 250 4 ) 
4 2 4 (46.812500 250 28 ) (46.812500 250 256 ) (0 250 256 ) (0 250 28 ) 
4 2 7 (0 250 0 ) (46.812500 250 0 ) (46.812500 250 4 ) (0 250 4 ) 
4 2 3 (46.812500 250 0 ) (256 250 0 ) (256 250 256 ) (46.812500 250 256 ) 
4 3 73 (48 0 60 ) (46.812500 0 60 ) (46.812500 0 32 ) (48 0 32 ) 
4 3 72 (256 0 32 ) (256 0 60 ) (48 0 60 ) (48 0 32 ) 
4 3 71 (256 0 60 ) (256 0 256 ) (46.812500 0 256 ) (46.812500 0 60 ) 
4 3 6 (46.812500 249 4 ) (46.812500 0 4 ) (46.812500 0 28 ) (46.812500 249 28 ) 
4 3 5 (46.812500 250 28 ) (46.812500 250 4 ) (46.812500 249 4 ) (46.812500 249 28 ) 
4 3 4 (46.812500 250 256 ) (46.812500 250 28 ) (46.812500 0 28 ) (46.812500 0 256 ) 
4 3 7 (46.812500 250 4 ) (46.812500 250 0 ) (46.812500 0 0 ) (46.812500 0 4 ) 
4 4 73 (0 0 60 ) (0 0 32 ) (46.812500 0 32 ) (46.812500 0 60 ) 
4 4 71 (46.812500 0 256 ) (0 0 256 ) (0 0 60 ) (46.812500 0 60 ) 
4 4 10 (0 0 28 ) (0 0 256 ) (0 250 256 ) (0 250 28 ) 
4 4 6 (46.812500 249 28 ) (46.812500 0 28 ) (0 0 28 ) (0 249 28 ) 
4 4 5 (0 250 28 ) (46.812500 250 28 ) (46.812500 249 28 ) (0 249 28 ) 
4 5 11 (0 249 28 ) (0 250 28 ) (0 250 4 ) (0 249 4 ) 
4 5 7 (0 249 4 ) (0 250 4 ) (46.812500 250 4 ) (46.812500 249 4 ) 
4 5 6 (0 249 4 ) (46.812500 249 4 ) (46.812500 249 28 ) (0 249 28 ) 
4 6 12 (0 0 4 ) (0 0 28 ) (0 249 28 ) (0 249 4 ) 
4 6 7 (0 0 4 ) (0 249 4 ) (46.812500 249 4 ) (46.812500 0 4 ) 
4 7 13 (0 0 0 ) (0 0 4 ) (0 250 4 ) (0 250 0 ) 
4 8 89 (0 0 256 ) (0 0 376 ) (-256 0 376 ) (-256 0 256 ) 
4 8 10 (0 250 256 ) (0 0 256 ) (-48.812500 0 256 ) (-48.812500 250 256 ) 
4 8 9 (-48.812500 512 256 ) (0 512 256 ) (0 250 256 ) (-48.812500 250 256 ) 
4 8 14 (-256 0 256 ) (-256 512 256 ) (-48.812500 512 256 ) (-48.812500 0 256 ) 
4 9 11 (-48.812500 250 28 ) (-48.812500 250 4 ) (0 250 4 ) (0 250 28 ) 
4 9 10 (-48.812500 250 256 ) (-48.812500 250 28 ) (0 250 28 ) (0 250 256 ) 
4 9 13 (-48.812500 250 4 ) (-48.812500 250 0 ) (0 250 0 ) (0 250 4 ) 
4 9 14 (-48.812500 520 256 ) (-48.812500 520 0 ) (-48.812500 250 0 ) (-48.812500 250 256 ) 
4 10 90 (0 0 32 ) (0 0 60 ) (-48 0 60 ) (-48 0 32 ) 
4 10 94 (-48 0 60 ) (-48.812500 0 60 ) (-48.812500 0 32 ) (-48 0 32 ) 
4 10 89 (0 0 60 ) (0 0 256 ) (-48.812500 0 256 ) (-48.812500 0 60 ) 
4 10 12 (-48.812500 0 28 ) (-48.812500 249 28 ) (0 249 28 ) (0 0 28 ) 
4 10 11 (-48.812500 249 28 ) (-48.812500 250 28 ) (0 250 28 ) (0 249 28 ) 
4 10 14 (-48.812500 0 28 ) (-48.812500 0 256 ) (-48.812500 250 256 ) (-48.812500 250 28 ) 
4 11 14 (-48.812500 249 28 ) (-48.812500 250 28 ) (-48.812500 250 4 ) (-48.812500 249 4 ) 
4 11 13 (-48.812500 249 4 ) (-48.812500 250 4 ) (0 250 4 ) (0 249 4 ) 
4 11 12 (-48.812500 249 4 ) (0 249 4 ) (0 249 28 ) (-48.812500 249 28 ) 
4 12 14 (-48.812500 0 4 ) (-48.812500 0 28 ) (-48.812500 249 28 ) (-48.812500 249 4 ) 
4 12 13 (0 0 4 ) (-48.812500 0 4 ) (-48.812500 249 4 ) (0 249 4 ) 
4 13 14 (-48.812500 250 0 ) (-48.812500 0 0 ) (-48.812500 0 4 ) (-48.812500 250 4 ) 
4 14 94 (-256 0 60 ) (-256 0 32 ) (-48.812500 0 32 ) (-48.812500 0 60 ) 
4 14 89 (-48.812500 0 256 ) (-256 0 256 ) (-256 0 60 ) (-48.812500 0 60 ) 
4 14 66 (-256 12 93 ) (-256 12 37 ) (-256 10 37 ) (-256 10 93 ) 
4 14 65 (-256 268 37 ) (-256 12 37 ) (-256 12 39 ) (-256 268 39 ) 
4 14 62 (-256 12 79.239876 ) (-256 12 81.212341 ) (-256 14 83.175316 ) (-256 14 81.202812 ) 
4 14 59 (-256 14 41.944443 ) (-256 12 43.907402 ) (-256 12 79.239876 ) (-256 14 81.202812 ) 
4 14 57 (-256 14 81.202812 ) (-256 14 83.175316 ) (-256 14.991135 84.148102 ) (-256 17 84.148102 ) 
4 14 54 (-256 18.995865 39 ) (-256 17 39 ) (-256 15 40.963005 ) (-256 16.995832 40.963005 ) 
4 14 52 (-256 15 40.963005 ) (-256 14 41.944443 ) (-256 14 43.903374 ) (-256 16.995832 40.963005 ) 
4 14 48 (-256 116.033340 39 ) (-256 66.015419 39 ) (-256 68.014061 40.963005 ) (-256 114.032661 40.963005 ) 
4 14 46 (-256 66.015419 39 ) (-256 18.995865 39 ) (-256 16.995832 40.963005 ) (-256 68.014061 40.963005 ) 
4 14 44 (-256 68.001190 84.148102 ) (-256 70.018822 84.148102 ) (-256 71 83.185402 ) (-256 71 81.204865 ) 
4 14 40 (-256 71 83.185402 ) (-256 114.032661 40.963005 ) (-256 112.001625 40.963005 ) (-256 71 81.204865 ) 
4 14 38 (-256 71 43.895691 ) (-256 71 41.960037 ) (-256 69.984154 40.963005 ) (-256 68.014061 40.963005 ) 
8 14 37 (-256 16.995832 40.963005 ) (-256 14 43.903374 ) (-256 14 81.202812 ) (-256 17 84.148102 ) (-256 68.001190 84.148102 ) (-256 71 81.204857 ) (-256 71 43.895691 ) (-256 68.014061 40.963005 ) 
3 14 36 (-256 71 41.960037 ) (-256 71 40.963005 ) (-256 69.984154 40.963005 ) 
4 14 32 (-256 71 81.204857 ) (-256 73 79.241920 ) (-256 73 40.963005 ) (-256 71 40.963005 ) 
3 14 31 (-256 73 79.241920 ) (-256 112.001625 40.963005 ) (-256 73 40.963005 ) 
4 14 28 (-256 14.991135 84.148102 ) (-256 16.991165 86.111107 ) (-256 19 86.111107 ) (-256 17 84.148102 ) 
4 14 25 (-256 66.001122 86.111107 ) (-256 68.018143 86.111107 ) (-256 70.018822 84.148102 ) (-256 68.001190 84.148102 ) 
4 14 23 (-256 19 86.111107 ) (-256 66.001122 86.111107 ) (-256 68.001190 84.148102 ) (-256 17 84.148102 ) 
3 14 22 (-256 12 81.212341 ) (-256 12 86.111107 ) (-256 16.991165 86.111107 ) 
4 14 21 (-256 268 39 ) (-256 116.033340 39 ) (-256 68.018143 86.111107 ) (-256 268 86.111107 ) 
3 14 20 (-256 17 39 ) (-256 12 39 ) (-256 12 43.907402 ) 
4 14 16 (-256 24 87.092606 ) (-256 24 93 ) (-256 60 93 ) (-256 60 87.092606 ) 
4 14 18 (-256 60 86.111107 ) (-256 24 86.111107 ) (-256 24 87.092606 ) (-256 60 87.092606 ) 
4 14 15 (-256 268 93 ) (-256 268 86.111107 ) (-256 60 86.111107 ) (-256 60 93 ) 
4 14 19 (-256 24 86.111107 ) (-256 12 86.111107 ) (-256 12 93 ) (-256 24 93 ) 
4 15 67 (-260 268 93 ) (-260 268 92 ) (-260 204 92 ) (-260 204 93 ) 
4 15 27 (-260 66 86.111107 ) (-260 68.002220 86.111107 ) (-259 68.006203 86.111107 ) (-259 66 86.111107 ) 
4 15 25 (-259 68.006203 86.111107 ) (-256 68.018143 86.111107 ) (-256 66.001122 86.111107 ) (-259 66 86.111107 ) 
4 15 24 (-260 60 86.111107 ) (-260 66 86.111107 ) (-259 66 86.111107 ) (-259 60 86.111107 ) 
4 15 23 (-259 66 86.111107 ) (-256 66.001122 86.111107 ) (-256 60 86.111107 ) (-259 60 86.111107 ) 
4 15 21 (-260 68.002220 86.111107 ) (-260 268 86.111107 ) (-256 268 86.111107 ) (-256 68.018143 86.111107 ) 
4 15 17 (-259 60 93 ) (-260 60 93 ) (-260 60 87.092606 ) (-259 60 87.092606 ) 
4 15 16 (-256 60 87.092606 ) (-256 60 93 ) (-259 60 93 ) (-259 60 87.092606 ) 
4 15 18 (-260 60 86.111107 ) (-256 60 86.111107 ) (-256 60 87.092606 ) (-260 60 87.092606 ) 
4 16 18 (-256 24 87.092606 ) (-259 24 87.092606 ) (-259 60 87.092606 ) (-256 60 87.092606 ) 
4 16 19 (-256 24 87.092606 ) (-256 24 93 ) (-259 24 93 ) (-259 24 87.092606 ) 
4 16 17 (-259 60 93 ) (-259 60 87.092606 ) (-259 24 87.092606 ) (-259 24 93 ) 
4 17 18 (-259 24 87.092606 ) (-260 24 87.092606 ) (-260 60 87.092606 ) (-259 60 87.092606 ) 
4 17 19 (-259 24 93 ) (-260 24 93 ) (-260 24 87.092606 ) (-259 24 87.092606 ) 
4 18 24 (-260 24 86.111107 ) (-260 60 86.111107 ) (-259 60 86.111107 ) (-259 24 86.111107 ) 
4 18 23 (-259 60 86.111107 ) (-256 60 86.111107 ) (-256 24 86.111107 ) (-259 24 86.111107 ) 
4 18 19 (-260 24 86.111107 ) (-256 24 86.111107 ) (-256 24 87.092606 ) (-260 24 87.092606 ) 
4 19 66 (-260 12 93 ) (-260 12 86.111107 ) (-256 12 86.111107 ) (-256 12 93 ) 
4 19 29 (-260 17 86.111107 ) (-260 19 86.111107 ) (-259 19 86.111107 ) (-259 16.997765 86.111107 ) 
4 19 28 (-259 19 86.111107 ) (-256 19 86.111107 ) (-256 16.991165 86.111107 ) (-259 16.997765 86.111107 ) 
4 19 24 (-260 19 86.111107 ) (-260 24 86.111107 ) (-259 24 86.111107 ) (-259 19 86.111107 ) 
4 19 23 (-259 24 86.111107 ) (-256 24 86.111107 ) (-256 19 86.111107 ) (-259 19 86.111107 ) 
4 19 22 (-256 12 86.111107 ) (-260 12 86.111107 ) (-260 17 86.111107 ) (-256 16.991165 86.111107 ) 
4 20 66 (-260 12 43.907402 ) (-260 12 39 ) (-256 12 39 ) (-256 12 43.907402 ) 
4 20 65 (-256 12 39 ) (-260 12 39 ) (-260 17 39 ) (-256 17 39 ) 
4 20 61 (-260 14 41.942444 ) (-260 12 43.905403 ) (-259 12 43.905403 ) (-259 14 41.942444 ) 
4 20 59 (-259 12 43.905403 ) (-256 12 43.905403 ) (-256 14 41.942444 ) (-259 14 41.942444 ) 
4 20 56 (-259 16.997963 39 ) (-260 16.997963 39 ) (-260 14.997919 40.963005 ) (-259 14.997919 40.963005 ) 
4 20 54 (-256 16.997963 39 ) (-259 16.997963 39 ) (-259 14.997919 40.963005 ) (-256 14.997919 40.963005 ) 
4 20 53 (-260 14.997919 40.963005 ) (-260 14 41.942444 ) (-259 14 41.942444 ) (-259 14.997919 40.963005 ) 
4 20 52 (-259 14 41.942444 ) (-256 14 41.942444 ) (-256 14.997919 40.963005 ) (-259 14.997919 40.963005 ) 
4 21 65 (-260 116.017410 39 ) (-260 268 39 ) (-256 268 39 ) (-256 116.033340 39 ) 
4 21 49 (-260 116.018288 39 ) (-259 116.022270 39 ) (-259 114.021591 40.963005 ) (-260 114.017609 40.963005 ) 
4 21 48 (-259 116.022270 39 ) (-256 116.034210 39 ) (-256 114.033539 40.963005 ) (-259 114.021591 40.963005 ) 
4 21 45 (-259 70.007813 84.148102 ) (-260 70.003830 84.148102 ) (-260 71 83.170685 ) (-259 71 83.174591 ) 
4 21 44 (-256 71 83.186317 ) (-256 70.019760 84.148102 ) (-259 70.007813 84.148102 ) (-259 71 83.174591 ) 
4 21 42 (-259 71 83.174591 ) (-260 71 83.170685 ) (-260 73 81.208344 ) (-259 73 81.212250 ) 
4 21 41 (-260 73 81.208344 ) (-260 114.017609 40.963005 ) (-259 114.021591 40.963005 ) (-259 73 81.212250 ) 
4 21 40 (-256 114.033539 40.963005 ) (-256 71 83.186317 ) (-259 71 83.174591 ) (-259 114.021591 40.963005 ) 
4 21 26 (-259 68.007141 86.111107 ) (-260 68.003159 86.111107 ) (-260 70.003830 84.148102 ) (-259 70.007813 84.148102 ) 
4 21 25 (-256 70.019760 84.148102 ) (-256 68.019089 86.111107 ) (-259 68.007141 86.111107 ) (-259 70.007813 84.148102 ) 
4 22 66 (-260 12 86.111107 ) (-260 12 81.203697 ) (-256 12 81.212341 ) (-256 12 86.111107 ) 
4 22 63 (-259 12 81.208908 ) (-260 12 81.206749 ) (-260 14 83.169724 ) (-259 14 83.171883 ) 
4 22 62 (-256 14 83.178360 ) (-256 12 81.215385 ) (-259 12 81.208908 ) (-259 14 83.171883 ) 
4 22 58 (-259 14 83.171883 ) (-260 14 83.169724 ) (-260 14.996830 84.148102 ) (-259 14.994630 84.148102 ) 
4 22 57 (-256 14.988029 84.148102 ) (-256 14 83.178360 ) (-259 14 83.171883 ) (-259 14.994630 84.148102 ) 
4 22 30 (-260 16.996859 86.111107 ) (-259 16.994659 86.111107 ) (-259 14.994630 84.148102 ) (-260 14.996830 84.148102 ) 
4 22 28 (-259 16.994659 86.111107 ) (-256 16.988058 86.111107 ) (-256 14.988029 84.148102 ) (-259 14.994630 84.148102 ) 
4 23 37 (-259 68 84.148102 ) (-256 68.001198 84.148102 ) (-256 17 84.148102 ) (-259 17 84.148102 ) 
4 23 28 (-256 19 86.111107 ) (-259 18.998474 86.111107 ) (-259 16.998356 84.148102 ) (-256 17 84.148102 ) 
4 23 25 (-256 68.001175 84.148102 ) (-259 68 84.148102 ) (-259 66 86.111107 ) (-256 66.001183 86.111107 ) 
4 23 24 (-259 17 84.148102 ) (-259 19 86.111107 ) (-259 66 86.111107 ) (-259 68 84.148102 ) 
4 24 37 (-260 17 84.148102 ) (-260 68 84.148102 ) (-259 68 84.148102 ) (-259 17 84.148102 ) 
4 24 29 (-259 18.998474 86.111107 ) (-260 18.998173 86.111107 ) (-260 16.998055 84.148102 ) (-259 16.998356 84.148102 ) 
4 24 27 (-259 68 84.148102 ) (-260 68 84.148102 ) (-260 66 86.111107 ) (-259 66 86.111107 ) 
4 25 44 (-259 70.007072 84.148102 ) (-256 70.019012 84.148102 ) (-256 68.001198 84.148102 ) (-259 68 84.148102 ) 
3 25 27 (-259 68 84.148102 ) (-259 66 86.111107 ) (-259 68 86.111107 ) 
4 25 26 (-259 70.007813 84.148102 ) (-259 68 84.148102 ) (-259 68 86.111107 ) (-259 68.007065 86.111107 ) 
4 26 45 (-260 68 84.148102 ) (-260 70.003090 84.148102 ) (-259 70.007072 84.148102 ) (-259 68 84.148102 ) 
4 26 27 (-260 68 84.155960 ) (-259 68 84.156250 ) (-259 68 86.111107 ) (-260 68 86.111107 ) 
4 28 57 (-256 14.989001 84.148102 ) (-259 14.995602 84.148102 ) (-259 17 84.148102 ) (-256 17 84.148102 ) 
4 28 30 (-259 17 84.148102 ) (-259 14.997740 84.148102 ) (-259 16.997768 86.111107 ) (-259 17 86.111107 ) 
4 28 29 (-259 19.003744 86.111107 ) (-259 17.003906 84.148102 ) (-259 17 84.148102 ) (-259 17 86.111107 ) 
4 29 30 (-260 17 84.148735 ) (-259 17 84.148438 ) (-259 17 86.111107 ) (-260 17 86.111107 ) 
4 30 58 (-259 14.995602 84.148102 ) (-260 14.997802 84.148102 ) (-260 17 84.148102 ) (-259 17 84.148102 ) 
4 31 49 (-260 73 40.963005 ) (-260 112 40.963005 ) (-259 112 40.963005 ) (-259 73 40.963005 ) 
4 31 48 (-259 112 40.963005 ) (-256 112.001617 40.963005 ) (-256 73 40.963005 ) (-259 73 40.963005 ) 
4 31 41 (-259 112 40.963005 ) (-260 111.998810 40.963005 ) (-260 73 79.238937 ) (-259 73 79.239227 ) 
4 31 40 (-256 112 40.963005 ) (-259 112 40.963005 ) (-259 73 79.239227 ) (-256 73 79.240105 ) 
4 31 34 (-259 73 43.911301 ) (-259 73 79.240738 ) (-260 73 79.240448 ) (-260 73 43.907398 ) 
4 31 33 (-260 73 40.963005 ) (-259 73 40.963005 ) (-259 73 43.911301 ) (-260 73 43.907398 ) 
4 31 32 (-259 73 40.963005 ) (-256 73 40.963005 ) (-256 73 79.241615 ) (-259 73 79.240738 ) 
4 32 48 (-259 73 40.963005 ) (-256 73 40.963005 ) (-256 71 40.963005 ) (-259 71 40.963005 ) 
4 32 40 (-259 71 81.202156 ) (-256 71 81.203033 ) (-256 73 79.240105 ) (-259 73 79.239227 ) 
4 32 38 (-256 71 41.960037 ) (-256 71 43.895691 ) (-259 71 43.907394 ) (-259 71 41.948341 ) 
4 32 37 (-256 71 43.895691 ) (-256 71 81.206482 ) (-259 71 81.205605 ) (-259 71 43.907394 ) 
4 32 36 (-259 71 40.963005 ) (-256 71 40.963005 ) (-256 71 41.960037 ) (-259 71 41.948341 ) 
3 32 35 (-259 72.996025 43.907402 ) (-259 71 41.948341 ) (-259 71 43.907402 ) 
5 32 34 (-259 73 79.242188 ) (-259 73 43.911301 ) (-259 72.996025 43.907402 ) (-259 71 43.907402 ) (-259 71 81.210938 ) 
4 32 33 (-259 73 43.911301 ) (-259 73 40.963005 ) (-259 71 40.963005 ) (-259 71 41.948341 ) 
4 33 49 (-260 71 40.963005 ) (-260 73 40.963005 ) (-259 73 40.963005 ) (-259 71 40.963005 ) 
4 33 36 (-260 71 40.963005 ) (-259 71 40.963005 ) (-259 71 41.948341 ) (-260 71 41.944439 ) 
4 33 35 (-260 71 41.949226 ) (-259 71 41.953125 ) (-259 73 43.916084 ) (-260 73 43.912186 ) 
4 34 43 (-260 73 79.238937 ) (-260 71 81.201866 ) (-259 71 81.202156 ) (-259 73 79.239227 ) 
4 34 37 (-259 71 43.907402 ) (-259 71 81.205605 ) (-260 71 81.205315 ) (-260 71 43.907402 ) 
4 34 35 (-260 72.997627 43.907402 ) (-259 72.993652 43.907402 ) (-259 71 43.907402 ) (-260 71 43.907402 ) 
4 35 39 (-259 71 41.948341 ) (-259 71 43.907402 ) (-260 71 43.907402 ) (-260 71 41.944439 ) 
4 36 49 (-260 70 40.963005 ) (-260 71 40.963005 ) (-259 71 40.963005 ) (-259 69.996071 40.963005 ) 
4 36 48 (-259 71 40.963005 ) (-256 71 40.963005 ) (-256 69.984154 40.963005 ) (-259 69.996071 40.963005 ) 
4 36 39 (-259 71 41.949028 ) (-260 71 41.945129 ) (-260 70 40.963005 ) (-259 69.995369 40.963005 ) 
4 36 38 (-256 71 41.960724 ) (-259 71 41.949028 ) (-259 69.995369 40.963005 ) (-256 69.983452 40.963005 ) 
4 37 60 (-260 14 81.203995 ) (-260 14 43.911224 ) (-259 14 43.909264 ) (-259 14 81.203697 ) 
4 37 59 (-259 14 43.909264 ) (-256 14 43.903374 ) (-256 14 81.202805 ) (-259 14 81.203697 ) 
4 37 58 (-259 17 84.148102 ) (-260 17 84.148102 ) (-260 14 81.203629 ) (-259 14 81.203331 ) 
4 37 57 (-256 17.001268 84.148102 ) (-259 17 84.148102 ) (-259 14 81.203331 ) (-256 14 81.202446 ) 
4 37 53 (-259 14 43.909225 ) (-260 14 43.911186 ) (-260 17.003786 40.963005 ) (-259 17.001785 40.963005 ) 
4 37 52 (-256 14 43.903336 ) (-259 14 43.909225 ) (-259 17.001785 40.963005 ) (-256 16.995787 40.963005 ) 
4 37 47 (-259 17.002274 40.963005 ) (-260 17.004272 40.963005 ) (-260 67.998169 40.963005 ) (-259 68.002144 40.963005 ) 
4 37 46 (-256 16.996273 40.963005 ) (-259 17.002274 40.963005 ) (-259 68.002144 40.963005 ) (-256 68.014061 40.963005 ) 
4 37 45 (-260 71 81.201866 ) (-260 67.998123 84.148102 ) (-259 67.998421 84.148102 ) (-259 71 81.202156 ) 
4 37 44 (-259 67.998421 84.148102 ) (-256 68 84.148102 ) (-256 71 81.203033 ) (-259 71 81.202156 ) 
4 37 39 (-260 71 43.909210 ) (-259 71 43.905308 ) (-259 68.004272 40.963005 ) (-260 68 40.963005 ) 
4 37 38 (-259 71 43.905308 ) (-256 71 43.893600 ) (-256 68.016190 40.963005 ) (-259 68.004272 40.963005 ) 
4 38 48 (-259 69.996071 40.963005 ) (-256 69.984154 40.963005 ) (-256 68.014061 40.963005 ) (-259 68.002144 40.963005 ) 
4 38 39 (-259 71 41.949219 ) (-259 69.995178 40.963005 ) (-259 67.998047 40.963005 ) (-259 71 43.911377 ) 
4 39 50 (-260 67.998169 40.963005 ) (-260 70 40.963005 ) (-259 69.996071 40.963005 ) (-259 68.002144 40.963005 ) 
4 40 48 (-259 114.020607 40.963005 ) (-256 114.032547 40.963005 ) (-256 112.001617 40.963005 ) (-259 112 40.963005 ) 
4 40 44 (-259 71 81.205605 ) (-256 71 81.206482 ) (-256 71 83.185394 ) (-259 71 83.173676 ) 
3 40 43 (-259 73 79.248001 ) (-259 71.007378 81.203697 ) (-259 73 81.203697 ) 
5 40 42 (-259 71.007378 81.203697 ) (-259 71 81.210938 ) (-259 71 83.173668 ) (-259 73 81.211273 ) (-259 73 81.203697 ) 
4 40 41 (-259 114.019531 40.963005 ) (-259 112.007813 40.963005 ) (-259 73 79.248001 ) (-259 73 81.211273 ) 
4 41 49 (-260 112 40.963005 ) (-260 114.016624 40.963005 ) (-259 114.020607 40.963005 ) (-259 112 40.963005 ) 
4 41 43 (-260 73 79.241898 ) (-259 73 79.242188 ) (-259 73 81.211342 ) (-260 73 81.207436 ) 
4 42 45 (-260 71 81.205315 ) (-259 71 81.205605 ) (-259 71 83.173676 ) (-260 71 83.169769 ) 
4 42 43 (-260 73 81.203697 ) (-259 73 81.203697 ) (-259 71 81.203697 ) (-260 71 81.203697 ) 
4 44 45 (-259 71 83.173676 ) (-259 71 81.207031 ) (-259 68.003403 84.148102 ) (-259 70.006874 84.148102 ) 
4 46 65 (-259 66.003502 39 ) (-256 66.015419 39 ) (-256 18.995865 39 ) (-259 19.001863 39 ) 
4 46 54 (-259 19.001816 39 ) (-256 18.995815 39 ) (-256 16.995787 40.963005 ) (-259 17.001785 40.963005 ) 
4 46 48 (-259 68.006279 40.963005 ) (-256 68.018196 40.963005 ) (-256 66.019547 39 ) (-259 66.007622 39 ) 
4 46 47 (-259 68 40.963005 ) (-259 66.001350 39 ) (-259 19 39 ) (-259 17 40.963005 ) 
4 47 65 (-260 19.003862 39 ) (-260 66 39 ) (-259 66.003502 39 ) (-259 19.001863 39 ) 
4 47 55 (-260 17.003786 40.963005 ) (-260 19.003815 39 ) (-259 19.001816 39 ) (-259 17.001785 40.963005 ) 
4 47 51 (-260 68.002304 40.963005 ) (-259 68.006279 40.963005 ) (-259 66.007622 39 ) (-260 66.003647 39 ) 
4 48 65 (-259 116.021393 39 ) (-256 116.033340 39 ) (-256 66.015419 39 ) (-259 66.003502 39 ) 
4 48 51 (-259 66.001312 39 ) (-259 68 40.963005 ) (-259 68 39.003910 ) (-259 67.996017 39 ) 
3 48 50 (-259 68 40.963005 ) (-259 69.996071 40.963005 ) (-259 68 39.003910 ) 
4 48 49 (-259 69.996071 40.963005 ) (-259 114.020721 40.963005 ) (-259 116.021400 39 ) (-259 67.996017 39 ) 
4 49 65 (-260 68 39 ) (-260 116.017410 39 ) (-259 116.021393 39 ) (-259 67.996025 39 ) 
4 49 50 (-259 67.995308 39 ) (-259 69.995361 40.963005 ) (-260 70 40.963005 ) (-260 68 39 ) 
5 50 51 (-260 68 39.001991 ) (-259 68 39.005890 ) (-259 68 40.960899 ) (-259.539581 68 40.963005 ) (-260 68 40.963005 ) 
4 51 65 (-260 66 39 ) (-260 68 39 ) (-259 67.996025 39 ) (-259 66.003502 39 ) 
4 52 59 (-259 14 41.944637 ) (-256 14 41.944637 ) (-256 14 43.903374 ) (-259 14 43.909264 ) 
4 52 54 (-259 17.002270 40.963005 ) (-256 16.996271 40.963005 ) (-256 15 40.963005 ) (-259 15 40.963005 ) 
4 52 53 (-259 17.003906 40.963005 ) (-259 15 40.963005 ) (-259 14 41.944443 ) (-259 14 43.912209 ) 
4 53 61 (-260 14 43.911224 ) (-260 14 41.944637 ) (-259 14 41.944637 ) (-259 14 43.909264 ) 
4 53 56 (-260 17.004269 40.963005 ) (-259 17.002270 40.963005 ) (-259 15 40.963005 ) (-260 15 40.963005 ) 
4 54 65 (-259 19.001863 39 ) (-256 18.995865 39 ) (-256 17 39 ) (-259 17 39 ) 
3 54 56 (-259 17 39 ) (-259 15 40.963005 ) (-259 17 40.963005 ) 
3 54 55 (-259 17 39 ) (-259 17 40.963005 ) (-259 19 39 ) 
4 55 65 (-260 17 39 ) (-260 19.003862 39 ) (-259 19.001863 39 ) (-259 17 39 ) 
4 55 56 (-259 17 39 ) (-259 17 40.963005 ) (-260 17 40.963005 ) (-260 17 39 ) 
4 57 62 (-256 14 83.175323 ) (-259 14 83.168846 ) (-259 14 81.203697 ) (-256 14 81.202805 ) 
4 57 58 (-259 17 84.148102 ) (-259 14 81.203125 ) (-259 14 83.168839 ) (-259 14.997736 84.148102 ) 
4 58 63 (-259 14 83.168846 ) (-260 14 83.166687 ) (-260 14 81.203995 ) (-259 14 81.203697 ) 
4 59 66 (-259 12 43.907402 ) (-256 12 43.907402 ) (-256 12 79.239876 ) (-259 12 79.240753 ) 
4 59 62 (-256 14 81.202454 ) (-259 14 81.203339 ) (-259 12 79.240395 ) (-256 12 79.239510 ) 
3 59 61 (-259 14 43.907402 ) (-259 14 41.944435 ) (-259 12 43.907032 ) 
4 59 60 (-259 12 79.244133 ) (-259 14 81.207031 ) (-259 14 43.907402 ) (-259 12 43.907032 ) 
4 60 66 (-260 12 79.241051 ) (-260 12 43.907402 ) (-259 12 43.907402 ) (-259 12 79.240753 ) 
4 60 64 (-259 14 81.203339 ) (-260 14 81.203629 ) (-260 12 79.240692 ) (-259 12 79.240395 ) 
4 60 61 (-260 14 43.907402 ) (-259 14 43.907402 ) (-259 12 43.907402 ) (-260 12 43.907402 ) 
4 62 66 (-259 12 79.240753 ) (-256 12 79.239876 ) (-256 12 81.212341 ) (-259 12 81.205856 ) 
3 62 64 (-259 14 81.203125 ) (-259 12 79.240189 ) (-259 12 81.203697 ) 
4 62 63 (-259 14 83.168839 ) (-259 14 81.203125 ) (-259 12 81.203697 ) (-259 12 81.205582 ) 
4 63 64 (-260 13.995793 81.203697 ) (-259 13.996094 81.203697 ) (-259 12 81.203697 ) (-260 12 81.203697 ) 
4 64 66 (-260 12 81.203697 ) (-260 12 79.241051 ) (-259 12 79.240753 ) (-259 12 81.205856 ) 
4 65 66 (-260 12 39 ) (-260 12 37 ) (-256 12 37 ) (-256 12 39 ) 
4 67 68 (-261 204 92 ) (-261 204 93 ) (-261 268 93 ) (-261 268 92 ) 
4 68 69 (-264 204 37 ) (-261 204 37 ) (-261 204 93 ) (-264 204 93 ) 
4 71 89 (0 0 376 ) (0 0 60 ) (0 -256 60 ) (0 -256 376 ) 
4 71 82 (0 -256 68 ) (0 -256 64 ) (256 -256 64 ) (256 -256 68 ) 
4 71 78 (0 -256 376 ) (0 -256 68 ) (48 -256 68 ) (48 -256 376 ) 
4 71 77 (48 -256 68 ) (256 -256 68 ) (256 -256 376 ) (48 -256 376 ) 
4 71 75 (48 -256 60 ) (0 -256 60 ) (0 -7 60 ) (48 -7 60 ) 
4 71 74 (0 -7 60 ) (0 -6 60 ) (48 -6 60 ) (48 -7 60 ) 
4 71 73 (0 -6 60 ) (0 0 60 ) (48 0 60 ) (48 -6 60 ) 
4 71 72 (256 0 60 ) (256 -256 60 ) (48 -256 60 ) (48 0 60 ) 
4 72 75 (48 -256 36 ) (48 -256 60 ) (48 -7 60 ) (48 -7 36 ) 
4 72 74 (48 -7 60 ) (48 -6 60 ) (48 -6 36 ) (48 -7 36 ) 
4 72 76 (48 -6 32 ) (48 -256 32 ) (48 -256 36 ) (48 -6 36 ) 
4 72 73 (48 0 32 ) (48 -6 32 ) (48 -6 60 ) (48 0 60 ) 
4 73 90 (0 0 60 ) (0 0 32 ) (0 -6 32 ) (0 -6 60 ) 
4 73 74 (48 -6 36 ) (48 -6 60 ) (0 -6 60 ) (0 -6 36 ) 
4 73 76 (0 -6 32 ) (48 -6 32 ) (48 -6 36 ) (0 -6 36 ) 
4 74 91 (0 -7 60 ) (0 -6 60 ) (0 -6 36 ) (0 -7 36 ) 
4 74 76 (0 -6 36 ) (48 -6 36 ) (48 -7 36 ) (0 -7 36 ) 
4 74 75 (0 -7 36 ) (48 -7 36 ) (48 -7 60 ) (0 -7 60 ) 
4 75 92 (0 -256 36 ) (0 -256 60 ) (0 -7 60 ) (0 -7 36 ) 
4 75 76 (48 -7 36 ) (48 -256 36 ) (0 -256 36 ) (0 -7 36 ) 
4 76 93 (0 -6 32 ) (0 -256 32 ) (0 -256 36 ) (0 -6 36 ) 
4 77 88 (256 -512 96 ) (256 -512 100 ) (48 -512 100 ) (48 -512 96 ) 
4 77 83 (256 -512 100 ) (256 -512 376 ) (48 -512 376 ) (48 -512 100 ) 
4 77 82 (48 -256 68 ) (256 -256 68 ) (256 -512 68 ) (48 -512 68 ) 
4 77 81 (48 -263 68 ) (48 -512 68 ) (48 -512 92 ) (48 -263 92 ) 
4 77 80 (48 -262 68 ) (48 -263 68 ) (48 -263 92 ) (48 -262 92 ) 
4 77 79 (48 -512 92 ) (48 -512 376 ) (48 -262 376 ) (48 -262 92 ) 
4 77 78 (48 -256 68 ) (48 -262 68 ) (48 -262 376 ) (48 -256 376 ) 
4 78 95 (0 -262 376 ) (0 -256 376 ) (0 -256 68 ) (0 -262 68 ) 
4 78 82 (0 -256 68 ) (48 -256 68 ) (48 -262 68 ) (0 -262 68 ) 
4 78 80 (0 -262 68 ) (48 -262 68 ) (48 -262 92 ) (0 -262 92 ) 
4 78 79 (48 -262 92 ) (48 -262 376 ) (0 -262 376 ) (0 -262 92 ) 
4 79 96 (0 -512 92 ) (0 -512 376 ) (0 -262 376 ) (0 -262 92 ) 
4 79 88 (0 -512 100 ) (0 -512 96 ) (48 -512 96 ) (48 -512 100 ) 
4 79 84 (48 -512 376 ) (0 -512 376 ) (0 -512 100 ) (48 -512 100 ) 
4 79 81 (48 -263 92 ) (48 -512 92 ) (0 -512 92 ) (0 -263 92 ) 
4 79 80 (0 -262 92 ) (48 -262 92 ) (48 -263 92 ) (0 -263 92 ) 
4 80 97 (0 -263 92 ) (0 -262 92 ) (0 -262 68 ) (0 -263 68 ) 
4 80 82 (48 -262 68 ) (48 -263 68 ) (0 -263 68 ) (0 -262 68 ) 
4 80 81 (0 -263 68 ) (48 -263 68 ) (48 -263 92 ) (0 -263 92 ) 
4 81 98 (0 -512 68 ) (0 -512 92 ) (0 -263 92 ) (0 -263 68 ) 
4 81 82 (48 -263 68 ) (48 -512 68 ) (0 -512 68 ) (0 -263 68 ) 
4 82 100 (0 -512 64 ) (0 -512 68 ) (0 -256 68 ) (0 -256 64 ) 
4 83 88 (48 -512 100 ) (256 -512 100 ) (256 -768 100 ) (48 -768 100 ) 
4 83 87 (48 -519 100 ) (48 -768 100 ) (48 -768 124 ) (48 -519 124 ) 
4 83 86 (48 -518 100 ) (48 -519 100 ) (48 -519 124 ) (48 -518 124 ) 
4 83 85 (48 -768 124 ) (48 -768 376 ) (48 -518 376 ) (48 -518 124 ) 
4 83 84 (48 -512 100 ) (48 -518 100 ) (48 -518 376 ) (48 -512 376 ) 
4 84 101 (0 -518 376 ) (0 -512 376 ) (0 -512 100 ) (0 -518 100 ) 
4 84 88 (0 -512 100 ) (48 -512 100 ) (48 -518 100 ) (0 -518 100 ) 
4 84 86 (0 -518 100 ) (48 -518 100 ) (48 -518 124 ) (0 -518 124 ) 
4 84 85 (48 -518 124 ) (48 -518 376 ) (0 -518 376 ) (0 -518 124 ) 
4 85 102 (0 -768 124 ) (0 -768 376 ) (0 -518 376 ) (0 -518 124 ) 
4 85 87 (48 -519 124 ) (48 -768 124 ) (0 -768 124 ) (0 -519 124 ) 
4 85 86 (0 -518 124 ) (48 -518 124 ) (48 -519 124 ) (0 -519 124 ) 
4 86 103 (0 -519 124 ) (0 -518 124 ) (0 -518 100 ) (0 -519 100 ) 
4 86 88 (48 -518 100 ) (48 -519 100 ) (0 -519 100 ) (0 -518 100 ) 
4 86 87 (0 -519 100 ) (48 -519 100 ) (48 -519 124 ) (0 -519 124 ) 
4 87 104 (0 -768 100 ) (0 -768 124 ) (0 -519 124 ) (0 -519 100 ) 
4 87 88 (48 -519 100 ) (48 -768 100 ) (0 -768 100 ) (0 -519 100 ) 
4 88 106 (0 -768 96 ) (0 -768 100 ) (0 -512 100 ) (0 -512 96 ) 
4 89 100 (0 -256 64 ) (0 -256 68 ) (-256 -256 68 ) (-256 -256 64 ) 
4 89 95 (0 -256 68 ) (0 -256 376 ) (-48 -256 376 ) (-48 -256 68 ) 
4 89 99 (-48 -256 376 ) (-256 -256 376 ) (-256 -256 68 ) (-48 -256 68 ) 
4 89 92 (0 -256 60 ) (-48 -256 60 ) (-48 -7 60 ) (0 -7 60 ) 
4 89 91 (-48 -7 60 ) (-48 -6 60 ) (0 -6 60 ) (0 -7 60 ) 
4 89 90 (-48 -6 60 ) (-48 0 60 ) (0 0 60 ) (0 -6 60 ) 
4 89 94 (-48 -256 60 ) (-256 -256 60 ) (-256 0 60 ) (-48 0 60 ) 
4 90 91 (-48 -6 60 ) (-48 -6 36 ) (0 -6 36 ) (0 -6 60 ) 
4 90 93 (-48 -6 36 ) (-48 -6 32 ) (0 -6 32 ) (0 -6 36 ) 
4 90 94 (-48 0 32 ) (-48 -6 32 ) (-48 -6 60 ) (-48 0 60 ) 
4 91 93 (-48 -7 36 ) (-48 -6 36 ) (0 -6 36 ) (0 -7 36 ) 
4 91 94 (-48 -7 60 ) (-48 -6 60 ) (-48 -6 36 ) (-48 -7 36 ) 
4 91 92 (-48 -7 60 ) (-48 -7 36 ) (0 -7 36 ) (0 -7 60 ) 
4 92 93 (0 -256 36 ) (-48 -256 36 ) (-48 -7 36 ) (0 -7 36 ) 
4 92 94 (-48 -256 36 ) (-48 -256 60 ) (-48 -7 60 ) (-48 -7 36 ) 
4 93 94 (-48 -6 32 ) (-48 -256 32 ) (-48 -256 36 ) (-48 -6 36 ) 
4 95 100 (-48 -262 68 ) (-48 -256 68 ) (0 -256 68 ) (0 -262 68 ) 
4 95 97 (-48 -262 92 ) (-48 -262 68 ) (0 -262 68 ) (0 -262 92 ) 
4 95 96 (-48 -262 376 ) (-48 -262 92 ) (0 -262 92 ) (0 -262 376 ) 
4 95 99 (-48 -256 68 ) (-48 -262 68 ) (-48 -262 376 ) (-48 -256 376 ) 
4 96 106 (0 -512 96 ) (0 -512 100 ) (-48 -512 100 ) (-48 -512 96 ) 
4 96 101 (0 -512 100 ) (0 -512 376 ) (-48 -512 376 ) (-48 -512 100 ) 
4 96 98 (0 -512 92 ) (-48 -512 92 ) (-48 -263 92 ) (0 -263 92 ) 
4 96 97 (-48 -263 92 ) (-48 -262 92 ) (0 -262 92 ) (0 -263 92 ) 
4 96 99 (-48 -512 92 ) (-48 -512 376 ) (-48 -262 376 ) (-48 -262 92 ) 
4 97 100 (-48 -263 68 ) (-48 -262 68 ) (0 -262 68 ) (0 -263 68 ) 
4 97 99 (-48 -262 68 ) (-48 -263 68 ) (-48 -263 92 ) (-48 -262 92 ) 
4 97 98 (0 -263 92 ) (-48 -263 92 ) (-48 -263 68 ) (0 -263 68 ) 
4 98 100 (0 -512 68 ) (-48 -512 68 ) (-48 -263 68 ) (0 -263 68 ) 
4 98 99 (-48 -263 68 ) (-48 -512 68 ) (-48 -512 92 ) (-48 -263 92 ) 
4 99 106 (-256 -512 100 ) (-256 -512 96 ) (-48 -512 96 ) (-48 -512 100 ) 
4 99 105 (-48 -512 376 ) (-256 -512 376 ) (-256 -512 100 ) (-48 -512 100 ) 
4 99 100 (-48 -512 68 ) (-256 -512 68 ) (-256 -256 68 ) (-48 -256 68 ) 
4 101 106 (-48 -518 100 ) (-48 -512 100 ) (0 -512 100 ) (0 -518 100 ) 
4 101 103 (-48 -518 124 ) (-48 -518 100 ) (0 -518 100 ) (0 -518 124 ) 
4 101 102 (-48 -518 376 ) (-48 -518 124 ) (0 -518 124 ) (0 -518 376 ) 
4 101 105 (-48 -512 100 ) (-48 -518 100 ) (-48 -518 376 ) (-48 -512 376 ) 
4 102 104 (0 -768 124 ) (-48 -768 124 ) (-48 -519 124 ) (0 -519 124 ) 
4 102 103 (-48 -519 124 ) (-48 -518 124 ) (0 -518 124 ) (0 -519 124 ) 
4 102 105 (-48 -768 124 ) (-48 -768 376 ) (-48 -518 376 ) (-48 -518 124 ) 
4 103 106 (-48 -519 100 ) (-48 -518 100 ) (0 -518 100 ) (0 -519 100 ) 
4 103 105 (-48 -518 100 ) (-48 -519 100 ) (-48 -519 124 ) (-48 -518 124 ) 
4 103 104 (0 -519 124 ) (-48 -519 124 ) (-48 -519 100 ) (0 -519 100 ) 
4 104 106 (0 -768 100 ) (-48 -768 100 ) (-48 -519 100 ) (0 -519 100 ) 
4 104 105 (-48 -519 100 ) (-48 -768 100 ) (-48 -768 124 ) (-48 -519 124 ) 
4 105 106 (-48 -768 100 ) (-256 -768 100 ) (-256 -512 100 ) (-48 -512 100 ) 
