


materialPath: C:\Program Files (x86)\Steam\steamapps\common\Counter-Strike Global Offensive\csgo\materials
Loading C:\Users\Victor Dias\Documents\MeusProjetos\training_aim_csgo2\vmf\treinamento.vmf
Map revision 44
Patching WVT material: maps/treinamento/dev/dev_blendmeasure_wvt_patch
fixing up env_cubemap materials on brush sides...
0...1...2...3...4...5...6...7...8...9...100...1...2...3...4...5...6...7...8...9...10Processing areas...done (0)
Building Faces...done (0)
Chop Details...done (0)
Find Visible Detail Sides...
Merged 40 detail faces...done (0)
Merging details...done (0)
FixTjuncs...
PruneNodes...
WriteBSP...
done (0)
writing C:\Users\Victor Dias\Documents\MeusProjetos\training_aim_csgo2\vmf\treinamento.prt...Building visibility clusters...
AutoVisClustering (threshold=-1) matched 0 leafs.
done (0)
Finding displacement neighbors...
Finding lightmap sample positions...
Displacement Alpha : 0...1...2...3...4...5...6...7...8...9...10
Building Physics collision data...
done (1) (519963 bytes)
Placing detail props : 0...1...2...3...4...5...6...7...8...9...10
Compacting texture/material tables...
Reduced 3765 texinfos to 1115
Reduced 243 texdatas to 241 (9881 bytes to 9836)
Writing C:\Users\Victor Dias\Documents\MeusProjetos\training_aim_csgo2\vmf\treinamento.bsp
MSG_FILEWRITE - Filesystem was asked to write to 'c:\users\victor dias\documents\meusprojetos\training_aim_csgo2\vmf\treinamento.bsp', but we don't own that location. Allowing...
1 second elapsed



6 threads
reading c:\users\victor dias\documents\meusprojetos\training_aim_csgo2\vmf\treinamento.bsp
reading c:\users\victor dias\documents\meusprojetos\training_aim_csgo2\vmf\treinamento.prt
 107 portalclusters
 343 numportals
0...1...2...3...4...5...6...7...8...9...100...1...2...3...4...5...6...7...8...9...10Optimized: 2 visible clusters (0.00%)
Total clusters visible: 10867
Average clusters visible: 101
Building PAS...
Average clusters audible: 105
visdatasize:3832  compressed from 3424
writing c:\users\victor dias\documents\meusprojetos\training_aim_csgo2\vmf\treinamento.bsp
MSG_FILEWRITE - Filesystem was asked to write to 'c:\users\victor dias\documents\meusprojetos\training_aim_csgo2\vmf\treinamento.bsp', but we don't own that location. Allowing...
0 seconds elapsed



[Reading texlights from 'lights.rad']
[40 texlights parsed from 'lights.rad']

Loading c:\users\victor dias\documents\meusprojetos\training_aim_csgo2\vmf\treinamento.bsp
2283 faces
64473 square feet [9284135.00 square inches]
0 Displacements
0 Square Feet [0.00 Square Inches]
2283 patches before subdivision
7709 patches after subdivision
0 direct lights
0...1...2...3...4...5...6...7...8...9...100...1...2...3...4...5...6...7...8...9...10transfers 967042, max 353
transfer lists:   7.4 megs
0...1...2...3...4...5...6...7...8...9...10	Bounce #1 added RGB(0, 0, 0)
Build Patch/Sample Hash Table(s).....Done<0.0008 sec>
0...1...2...3...4...5...6...7...8...9...10FinalLightFace Done
0 of 0 (0% of) surface lights went in leaf ambient cubes.
0...1...2...3...4...5...6...7...8...9...10Writing leaf ambient...done
Ready to Finish

Object names       Objects/Maxobjs  Memory / Maxmem  Fullness 
------------       ---------------  ---------------  -------- 
models                 626/1024        30048/49152    (61.1%) 
brushes               1017/8192        12204/98304    (12.4%) 
brushsides            7919/81920       63352/655360   ( 9.7%) 
planes                8762/65536      175240/1310720  (13.4%) 
vertexes              8747/65536      104964/786432   (13.3%) 
nodes                 6056/65536      193792/2097152  ( 9.2%) 
texinfos              1115/12288       80280/884736   ( 9.1%) 
texdata                241/4096         7712/131072   ( 5.9%) 
dispinfos                0/0               0/0        ( 0.0%) 
disp_verts               0/0               0/0        ( 0.0%) 
disp_tris                0/0               0/0        ( 0.0%) 
disp_multiblend          0/0               0/0        ( 0.0%) 
disp_lmsamples           0/0               0/0        ( 0.0%) 
faces                 2283/65536      127848/3670016  ( 3.5%) 
hdr faces                0/65536           0/3670016  ( 0.0%) 
origfaces             1910/65536      106960/3670016  ( 2.9%) 
facebrushes             80/0             160/0        ( 0.0%) 
facebrushlists        2283/0            9132/0        ( 0.0%) 
leaves                6683/65536      213856/2097152  (10.2%) 
leaffaces             2470/65536        4940/131072   ( 3.8%) 
leafbrushes           1668/65536        3336/131072   ( 2.5%) 
areas                    3/1024           24/8192     ( 0.3%) 
surfedges            17561/512000      70244/2048000  ( 3.4%) 
edges                11260/256000      45040/1024000  ( 4.4%) 
LDR worldlights          0/8192            0/819200   ( 0.0%) 
HDR worldlights          0/8192            0/819200   ( 0.0%) 
leafwaterdata            0/32768           0/393216   ( 0.0%) 
waterstrips             56/32768         560/327680   ( 0.2%) 
waterverts               0/65536           0/786432   ( 0.0%) 
waterindices           867/65536        1734/131072   ( 1.3%) 
cubemapsamples           1/1024           16/16384    ( 0.1%) 
overlays                 0/1024            0/360448   ( 0.0%) 
LDR lightdata         [variable]      238280/0        ( 0.0%) 
HDR lightdata         [variable]           0/0        ( 0.0%) 
visdata               [variable]        3832/16777216 ( 0.0%) 
entdata               [variable]      623878/393216   (158.7%) SIZE OVERFLOW!!!
LDR ambient table     6683/65536       26732/262144   (10.2%) 
HDR ambient table     6683/65536       26732/262144   (10.2%) 
LDR leaf ambient      6435/65536      180180/1835008  ( 9.8%) 
HDR leaf ambient      6683/65536      187124/1835008  (10.2%) 
occluders                0/0               0/0        ( 0.0%) 
occluder polygons        0/0               0/0        ( 0.0%) 
occluder vert ind        0/0               0/0        ( 0.0%) 
detail props          [variable]           1/12       ( 8.3%) 
static props          [variable]           1/12       ( 8.3%) 
pakfile               [variable]      149482/0        ( 0.0%) 
physics               [variable]      519963/4194304  (12.4%) 
physics terrain       [variable]           2/1048576  ( 0.0%) 

Level flags = 7c

Total triangle count: 5155
Writing c:\users\victor dias\documents\meusprojetos\training_aim_csgo2\vmf\treinamento.bsp
MSG_FILEWRITE - Filesystem was asked to write to 'c:\users\victor dias\documents\meusprojetos\training_aim_csgo2\vmf\treinamento.bsp', but we don't own that location. Allowing...
1 second elapsed



[Reading texlights from 'lights.rad']
[40 texlights parsed from 'lights.rad']

Loading c:\users\victor dias\documents\meusprojetos\training_aim_csgo2\vmf\treinamento.bsp
2283 faces
64473 square feet [9284135.00 square inches]
0 Displacements
0 Square Feet [0.00 Square Inches]
2283 patches before subdivision
7709 patches after subdivision
0 direct lights
0...1...2...3...4...5...6...7...8...9...100...1...2...3...4...5...6...7...8...9...10transfers 967042, max 353
transfer lists:   7.4 megs
0...1...2...3...4...5...6...7...8...9...10	Bounce #1 added RGB(0, 0, 0)
Build Patch/Sample Hash Table(s).....Done<0.0008 sec>
0...1...2...3...4...5...6...7...8...9...10FinalLightFace Done
0 of 0 (0% of) surface lights went in leaf ambient cubes.
0...1...2...3...4...5...6...7...8...9...10Writing leaf ambient...done
Ready to Finish

Object names       Objects/Maxobjs  Memory / Maxmem  Fullness 
------------       ---------------  ---------------  -------- 
models                 626/1024        30048/49152    (61.1%) 
brushes               1017/8192        12204/98304    (12.4%) 
brushsides            7919/81920       63352/655360   ( 9.7%) 
planes                8762/65536      175240/1310720  (13.4%) 
vertexes              8747/65536      104964/786432   (13.3%) 
nodes                 6056/65536      193792/2097152  ( 9.2%) 
texinfos              1115/12288       80280/884736   ( 9.1%) 
texdata                241/4096         7712/131072   ( 5.9%) 
dispinfos                0/0               0/0        ( 0.0%) 
disp_verts               0/0               0/0        ( 0.0%) 
disp_tris                0/0               0/0        ( 0.0%) 
disp_multiblend          0/0               0/0        ( 0.0%) 
disp_lmsamples           0/0               0/0        ( 0.0%) 
faces                 2283/65536      127848/3670016  ( 3.5%) 
hdr faces             2283/65536      127848/3670016  ( 3.5%) 
origfaces             1910/65536      106960/3670016  ( 2.9%) 
facebrushes             80/0             160/0        ( 0.0%) 
facebrushlists        2283/0            9132/0        ( 0.0%) 
leaves                6683/65536      213856/2097152  (10.2%) 
leaffaces             2470/65536        4940/131072   ( 3.8%) 
leafbrushes           1668/65536        3336/131072   ( 2.5%) 
areas                    3/1024           24/8192     ( 0.3%) 
surfedges            17561/512000      70244/2048000  ( 3.4%) 
edges                11260/256000      45040/1024000  ( 4.4%) 
LDR worldlights          0/8192            0/819200   ( 0.0%) 
HDR worldlights          0/8192            0/819200   ( 0.0%) 
leafwaterdata            0/32768           0/393216   ( 0.0%) 
waterstrips             56/32768         560/327680   ( 0.2%) 
waterverts               0/65536           0/786432   ( 0.0%) 
waterindices           867/65536        1734/131072   ( 1.3%) 
cubemapsamples           1/1024           16/16384    ( 0.1%) 
overlays                 0/1024            0/360448   ( 0.0%) 
LDR lightdata         [variable]      238280/0        ( 0.0%) 
HDR lightdata         [variable]      238280/0        ( 0.0%) 
visdata               [variable]        3832/16777216 ( 0.0%) 
entdata               [variable]      623878/393216   (158.7%) SIZE OVERFLOW!!!
LDR ambient table     6683/65536       26732/262144   (10.2%) 
HDR ambient table     6683/65536       26732/262144   (10.2%) 
LDR leaf ambient      6435/65536      180180/1835008  ( 9.8%) 
HDR leaf ambient      6435/65536      180180/1835008  ( 9.8%) 
occluders                0/0               0/0        ( 0.0%) 
occluder polygons        0/0               0/0        ( 0.0%) 
occluder vert ind        0/0               0/0        ( 0.0%) 
detail props          [variable]           1/12       ( 8.3%) 
static props          [variable]           1/12       ( 8.3%) 
pakfile               [variable]      149482/0        ( 0.0%) 
physics               [variable]      519963/4194304  (12.4%) 
physics terrain       [variable]           2/1048576  ( 0.0%) 

Level flags = 7c

Total triangle count: 5155
Writing c:\users\victor dias\documents\meusprojetos\training_aim_csgo2\vmf\treinamento.bsp
MSG_FILEWRITE - Filesystem was asked to write to 'c:\users\victor dias\documents\meusprojetos\training_aim_csgo2\vmf\treinamento.bsp', but we don't own that location. Allowing...
1 second elapsed
